[0.074s] Invoking command in '/home/f1tenth/f1tenth_ws/build/v4l2_camera': /usr/bin/cmake --build /home/f1tenth/f1tenth_ws/build/v4l2_camera -- -j4 -l4
[0.292s] -- Found ament_cmake: 0.9.12 (/opt/ros/foxy/share/ament_cmake/cmake)
[0.428s] -- Using PYTHON_EXECUTABLE: /usr/bin/python3
[1.417s] -- Found ament_cmake_ros: 0.9.2 (/opt/ros/foxy/share/ament_cmake_ros/cmake)
[1.432s] -- Found rclcpp: 2.4.3 (/opt/ros/foxy/share/rclcpp/cmake)
[1.650s] -- Using all available rosidl_typesupport_c: rosidl_typesupport_fastrtps_c;rosidl_typesupport_introspection_c
[1.678s] -- Found rosidl_adapter: 1.3.1 (/opt/ros/foxy/share/rosidl_adapter/cmake)
[2.291s] -- Using all available rosidl_typesupport_cpp: rosidl_typesupport_fastrtps_cpp;rosidl_typesupport_introspection_cpp
[2.566s] -- Found rmw_implementation_cmake: 1.0.4 (/opt/ros/foxy/share/rmw_implementation_cmake/cmake)
[2.575s] -- Using RMW implementation 'rmw_fastrtps_cpp' as default
[3.173s] -- Found rclcpp_components: 2.4.3 (/opt/ros/foxy/share/rclcpp_components/cmake)
[3.386s] -- Found image_transport: 2.4.0 (/opt/ros/foxy/share/image_transport/cmake)
[3.936s] -- Found camera_info_manager: 2.4.0 (/opt/ros/foxy/share/camera_info_manager/cmake)
[3.998s] -- Setting yaml-cpp_DIR to: '/opt/ros/foxy/share/yaml_cpp_vendor/cmake/../../../opt/yaml_cpp_vendor/lib/cmake/yaml-cpp'
[4.250s] -- Found ament_lint_auto: 0.9.8 (/opt/ros/foxy/share/ament_lint_auto/cmake)
[4.497s] Error parsing '/home/f1tenth/f1tenth_ws/src/v4l2_camera/package.xml':
[5.024s] Traceback (most recent call last):
[5.026s]   File "/opt/ros/foxy/share/ament_cmake_core/cmake/core/package_xml_2_cmake.py", line 143, in <module>
[5.027s]     main()
[5.027s]   File "/opt/ros/foxy/share/ament_cmake_core/cmake/core/package_xml_2_cmake.py", line 52, in main
[5.028s]     raise e
[5.028s]   File "/opt/ros/foxy/share/ament_cmake_core/cmake/core/package_xml_2_cmake.py", line 48, in main
[5.028s]     package = parse_package_string(
[5.029s]   File "/usr/lib/python3/dist-packages/catkin_pkg/package.py", line 719, in parse_package_string
[5.029s]     export_node = _get_optional_node(root, 'export', filename)
[5.029s]   File "/usr/lib/python3/dist-packages/catkin_pkg/package.py", line 807, in _get_optional_node
[5.030s]     raise InvalidPackage('The manifest must not contain more than one "%s" tags' % tagname, filename)
[5.030s] catkin_pkg.package.InvalidPackage: Error(s) in package '/home/f1tenth/f1tenth_ws/src/v4l2_camera/package.xml':
[5.033s] The manifest must not contain more than one "export" tags
[5.126s] CMake Error at /opt/ros/foxy/share/ament_cmake_core/cmake/core/ament_package_xml.cmake:94 (message):
[5.127s]   execute_process(/usr/bin/python3
[5.128s]   /opt/ros/foxy/share/ament_cmake_core/cmake/core/package_xml_2_cmake.py
[5.128s]   /home/f1tenth/f1tenth_ws/src/v4l2_camera/package.xml
[5.128s]   /home/f1tenth/f1tenth_ws/build/v4l2_camera/ament_cmake_core/package.cmake)
[5.129s]   returned error code 1
[5.129s] Call Stack (most recent call first):
[5.129s]   /opt/ros/foxy/share/ament_cmake_core/cmake/core/ament_package_xml.cmake:49 (_ament_package_xml)
[5.130s]   /opt/ros/foxy/share/ament_lint_auto/cmake/ament_lint_auto_find_test_dependencies.cmake:31 (ament_package_xml)
[5.130s]   CMakeLists.txt:83 (ament_lint_auto_find_test_dependencies)
[5.130s] 
[5.131s] 
[5.143s] -- Configuring incomplete, errors occurred!
[5.145s] See also "/home/f1tenth/f1tenth_ws/build/v4l2_camera/CMakeFiles/CMakeOutput.log".
[5.146s] See also "/home/f1tenth/f1tenth_ws/build/v4l2_camera/CMakeFiles/CMakeError.log".
[5.183s] make: *** [Makefile:384: cmake_check_build_system] Error 1
[5.212s] Invoked command in '/home/f1tenth/f1tenth_ws/build/v4l2_camera' returned '2': /usr/bin/cmake --build /home/f1tenth/f1tenth_ws/build/v4l2_camera -- -j4 -l4
