[0.090s] Invoking command in '/home/f1tenth/f1tenth_ws/build/camera_visualizer': /usr/bin/cmake --build /home/f1tenth/f1tenth_ws/build/camera_visualizer -- -j4 -l4
[0.321s] -- Found ament_cmake: 0.9.12 (/opt/ros/foxy/share/ament_cmake/cmake)
[0.504s] -- Using PYTHON_EXECUTABLE: /usr/bin/python3
[1.940s] -- Found rclcpp: 2.4.3 (/opt/ros/foxy/share/rclcpp/cmake)
[2.173s] -- Using all available rosidl_typesupport_c: rosidl_typesupport_fastrtps_c;rosidl_typesupport_introspection_c
[2.193s] -- Found rosidl_adapter: 1.3.1 (/opt/ros/foxy/share/rosidl_adapter/cmake)
[2.942s] -- Using all available rosidl_typesupport_cpp: rosidl_typesupport_fastrtps_cpp;rosidl_typesupport_introspection_cpp
[3.277s] -- Found rmw_implementation_cmake: 1.0.4 (/opt/ros/foxy/share/rmw_implementation_cmake/cmake)
[3.288s] -- Using RMW implementation 'rmw_fastrtps_cpp' as default
[4.019s] -- Found sensor_msgs: 2.0.5 (/opt/ros/foxy/share/sensor_msgs/cmake)
[4.524s] -- Found internal_interface: 0.0.0 (/home/f1tenth/f1tenth_ws/install/internal_interface/share/internal_interface/cmake)
[5.131s] -- Configuring done
[5.199s] -- Generating done
[5.207s] -- Build files have been written to: /home/f1tenth/f1tenth_ws/build/camera_visualizer
[5.573s] [ 50%] [32mBuilding CXX object CMakeFiles/camera_subscriber_node.dir/src/camera_subscriber.cpp.o[0m
[6.093s] In file included from [01m[K/home/f1tenth/f1tenth_ws/src/camera_visualizer/src/camera_subscriber.cpp:1[m[K:
[6.093s] [01m[K/home/f1tenth/f1tenth_ws/src/camera_visualizer/src/camera_subscriber.hpp:5:10:[m[K [01;31m[Kfatal error: [m[Kinternal_interface/msg/encoded_image.hpp: No such file or directory
[6.094s]     5 | #include [01;31m[K"internal_interface/msg/encoded_image.hpp"[m[K
[6.094s]       |          [01;31m[K^~~~~~~~~~~~~~~~~~~~~~~~~~~~~~~~~~~~~~~~~~[m[K
[6.094s] compilation terminated.
[6.101s] make[2]: *** [CMakeFiles/camera_subscriber_node.dir/build.make:63: CMakeFiles/camera_subscriber_node.dir/src/camera_subscriber.cpp.o] Error 1
[6.102s] make[1]: *** [CMakeFiles/Makefile2:78: CMakeFiles/camera_subscriber_node.dir/all] Error 2
[6.104s] make: *** [Makefile:141: all] Error 2
[6.118s] Invoked command in '/home/f1tenth/f1tenth_ws/build/camera_visualizer' returned '2': /usr/bin/cmake --build /home/f1tenth/f1tenth_ws/build/camera_visualizer -- -j4 -l4
