[0.100s] Invoking command in '/home/f1tenth/f1tenth_ws/build/camera_visualizer': /usr/bin/cmake --build /home/f1tenth/f1tenth_ws/build/camera_visualizer -- -j4 -l4
[0.443s] [35m[1mScanning dependencies of target camera_subscriber_node[0m
[0.716s] [ 50%] [32mBuilding CXX object CMakeFiles/camera_subscriber_node.dir/src/camera_subscriber.cpp.o[0m
[1.274s] In file included from [01m[K/home/f1tenth/f1tenth_ws/src/camera_visualizer/src/encoded_image.hpp:8[m[K,
[1.275s]                  from [01m[K/home/f1tenth/f1tenth_ws/src/camera_visualizer/src/camera_subscriber.hpp:5[m[K,
[1.275s]                  from [01m[K/home/f1tenth/f1tenth_ws/src/camera_visualizer/src/camera_subscriber.cpp:1[m[K:
[1.275s] [01m[K/home/f1tenth/f1tenth_ws/src/camera_visualizer/src/encoded_image__builder.hpp:8:10:[m[K [01;31m[Kfatal error: [m[Kinternal_interface/msg/detail/encoded_image__struct.hpp: No such file or directory
[1.276s]     8 | #include [01;31m[K"internal_interface/msg/detail/encoded_image__struct.hpp"[m[K
[1.276s]       |          [01;31m[K^~~~~~~~~~~~~~~~~~~~~~~~~~~~~~~~~~~~~~~~~~~~~~~~~~~~~~~~~[m[K
[1.276s] compilation terminated.
[1.284s] make[2]: *** [CMakeFiles/camera_subscriber_node.dir/build.make:63: CMakeFiles/camera_subscriber_node.dir/src/camera_subscriber.cpp.o] Error 1
[1.286s] make[1]: *** [CMakeFiles/Makefile2:78: CMakeFiles/camera_subscriber_node.dir/all] Error 2
[1.287s] make: *** [Makefile:141: all] Error 2
[1.302s] Invoked command in '/home/f1tenth/f1tenth_ws/build/camera_visualizer' returned '2': /usr/bin/cmake --build /home/f1tenth/f1tenth_ws/build/camera_visualizer -- -j4 -l4
