[35m[1mScanning dependencies of target camera_subscriber_node[0m
[ 50%] [32mBuilding CXX object CMakeFiles/camera_subscriber_node.dir/src/camera_subscriber.cpp.o[0m
[01m[K/home/f1tenth/f1tenth_ws/src/camera_visualizer/src/camera_subscriber.cpp:[m[K In member function â€˜[01m[Kvoid CameraSubscriber::TopicCallback(internal_interface::msg::EncodedImage_<std::allocator<void> >::SharedPtr) const[m[Kâ€™:
[01m[K/home/f1tenth/f1tenth_ws/src/camera_visualizer/src/camera_subscriber.cpp:49:9:[m[K [01;31m[Kerror: [m[Kâ€˜[01m[Klast_image_[m[Kâ€™ was not declared in this scope
   49 |         [01;31m[Klast_image_[m[K = image;
      |         [01;31m[K^~~~~~~~~~~[m[K
make[2]: *** [CMakeFiles/camera_subscriber_node.dir/build.make:63: CMakeFiles/camera_subscriber_node.dir/src/camera_subscriber.cpp.o] Error 1
make[1]: *** [CMakeFiles/Makefile2:78: CMakeFiles/camera_subscriber_node.dir/all] Error 2
make: *** [Makefile:141: all] Error 2
