[0.080s] Invoking command in '/home/f1tenth/f1tenth_ws/build/camera_visualizer': /usr/bin/cmake --build /home/f1tenth/f1tenth_ws/build/camera_visualizer -- -j4 -l4
[0.465s] [35m[1mScanning dependencies of target camera_subscriber_node[0m
[0.762s] [ 50%] [32mBuilding CXX object CMakeFiles/camera_subscriber_node.dir/src/camera_subscriber.cpp.o[0m
[14.045s] [01m[K/home/f1tenth/f1tenth_ws/src/camera_visualizer/src/camera_subscriber.cpp:[m[K In member function â€˜[01m[Kvoid CameraSubscriber::TopicCallback(internal_interface::msg::EncodedImage_<std::allocator<void> >::SharedPtr) const[m[Kâ€™:
[14.048s] [01m[K/home/f1tenth/f1tenth_ws/src/camera_visualizer/src/camera_subscriber.cpp:49:9:[m[K [01;31m[Kerror: [m[Kâ€˜[01m[Klast_image_[m[Kâ€™ was not declared in this scope
[14.048s]    49 |         [01;31m[Klast_image_[m[K = image;
[14.049s]       |         [01;31m[K^~~~~~~~~~~[m[K
[25.136s] make[2]: *** [CMakeFiles/camera_subscriber_node.dir/build.make:63: CMakeFiles/camera_subscriber_node.dir/src/camera_subscriber.cpp.o] Error 1
[25.145s] make[1]: *** [CMakeFiles/Makefile2:78: CMakeFiles/camera_subscriber_node.dir/all] Error 2
[25.145s] make: *** [Makefile:141: all] Error 2
[25.155s] Invoked command in '/home/f1tenth/f1tenth_ws/build/camera_visualizer' returned '2': /usr/bin/cmake --build /home/f1tenth/f1tenth_ws/build/camera_visualizer -- -j4 -l4
