[01m[K/home/f1tenth/f1tenth_ws/src/dashboard/src/dashboard.cpp:[m[K In function â€˜[01m[Kint main(int, char**)[m[Kâ€™:
[01m[K/home/f1tenth/f1tenth_ws/src/dashboard/src/dashboard.cpp:65:19:[m[K [01;31m[Kerror: [m[Kâ€˜[01m[Kcamera_subscriber[m[Kâ€™ was not declared in this scope; did you mean â€˜[01m[KcameraSubscriber[m[Kâ€™?
   65 |     ui.AddElement([01;31m[Kcamera_subscriber[m[K);
      |                   [01;31m[K^~~~~~~~~~~~~~~~~[m[K
      |                   [32m[KcameraSubscriber[m[K
[01m[K/home/f1tenth/f1tenth_ws/src/dashboard/src/dashboard.cpp:101:18:[m[K [01;35m[Kwarning: [m[Kunused variable â€˜[01m[Kconsumed[m[Kâ€™ [[01;35m[K-Wunused-variable[m[K]
  101 |             bool [01;35m[Kconsumed[m[K = ui.HandleEvent(event);
      |                  [01;35m[K^~~~~~~~[m[K
make[2]: *** [src/CMakeFiles/start_dashboard.dir/build.make:63: src/CMakeFiles/start_dashboard.dir/dashboard.cpp.o] Error 1
make[1]: *** [CMakeFiles/Makefile2:531: src/CMakeFiles/start_dashboard.dir/all] Error 2
make: *** [Makefile:141: all] Error 2
