[0.120s] Invoking command in '/home/f1tenth/f1tenth_ws/build/camera_visualizer': /usr/bin/cmake --build /home/f1tenth/f1tenth_ws/build/camera_visualizer -- -j4 -l4
[0.510s] [35m[1mScanning dependencies of target camera_subscriber_node[0m
[0.803s] [ 50%] [32mBuilding CXX object CMakeFiles/camera_subscriber_node.dir/src/camera_subscriber.cpp.o[0m
[1.476s] In file included from [01m[K/home/f1tenth/f1tenth_ws/src/camera_visualizer/src/camera_subscriber.cpp:1[m[K:
[1.478s] [01m[K/home/f1tenth/f1tenth_ws/src/camera_visualizer/src/camera_subscriber.hpp:5:10:[m[K [01;31m[Kfatal error: [m[Kencodedimage.hpp: No such file or directory
[1.479s]     5 | #include [01;31m[K"encodedimage.hpp"[m[K
[1.479s]       |          [01;31m[K^~~~~~~~~~~~~~~~~~[m[K
[1.479s] compilation terminated.
[1.487s] make[2]: *** [CMakeFiles/camera_subscriber_node.dir/build.make:63: CMakeFiles/camera_subscriber_node.dir/src/camera_subscriber.cpp.o] Error 1
[1.488s] make[1]: *** [CMakeFiles/Makefile2:78: CMakeFiles/camera_subscriber_node.dir/all] Error 2
[1.488s] make: *** [Makefile:141: all] Error 2
[1.503s] Invoked command in '/home/f1tenth/f1tenth_ws/build/camera_visualizer' returned '2': /usr/bin/cmake --build /home/f1tenth/f1tenth_ws/build/camera_visualizer -- -j4 -l4
